WARNING: Fortran routines not used for integrals, this might be very slow. 
         see src/Vibrations/README_f2py 

 ***************************************************************************
 *
 *  Vibrations v0.9
 *
 *  Vibrations - a Python Code for Anharmonic Theoretical Vibrational Spectroscopy
 *  Copyright (C) 2014-2018 by Pawel T. Panek, and Christoph R. Jacob.
 *
 *     Vibrations is free software: you can redistribute it and/or modify
 *     it under the terms of the GNU General Public License as published by
 *     the Free Software Foundation, either version 3 of the License, or
 *     (at your option) any later version.
 *
 *     Vibrations is distributed in the hope that it will be useful,
 *     but WITHOUT ANY WARRANTY; without even the implied warranty of
 *     MERCHANTABILITY or FITNESS FOR A PARTICULAR PURPOSE.  See the
 *     GNU General Public License for more details.
 *
 *     You should have received a copy of the GNU General Public License
 *     along with Vibrations.  If not, see <http://www.gnu.org/licenses/>.
 *
 *  In scientific publications using Vibrations please cite:
 *    P. T. Panek, Ch. R. Jacob, ChemPhysChem 15 (2014) 3365.
 *    P. T. Panek, Ch. R. Jacob, J. Chem. Phys. 144 (2016) 164111.
 *
 *  The most recent version of Vibrations is available at
 *    http://www.christophjacob.eu/software
 *
 ***************************************************************************


+------------------+
|--- Example 3: ---|
+------------------+

Localization of modes of water, harmonic L-VCI-S
provides initial normal modes' frequencies and intensities

Modes localized: 36, modes in total: 36
 Normal mode localization: Cycle   1    p:    0.166   change:  0.0000000     0.00000 
Obtaining coupling matrix in [a.u.]
 Normal mode localization: Cycle   1    p:    0.166   change:  0.0000000     0.00000 
Obtaining coupling matrix in [a.u.]
 Normal mode localization: Cycle   1    p:    0.132   change:  0.0000000     0.00000 
Obtaining coupling matrix in [a.u.]
 Normal mode localization: Cycle   1    p:    0.239   change:  0.0000000     0.00000 
Obtaining coupling matrix in [a.u.]
 Normal mode localization: Cycle   1    p:    0.097   change:  0.0000000     0.00000 
Obtaining coupling matrix in [a.u.]
 Normal mode localization: Cycle   1    p:    0.180   change:  0.0000000     0.00000 
Obtaining coupling matrix in [a.u.]
 Normal mode localization: Cycle   1    p:    0.494   change:  0.1788742     0.56422 
 Normal mode localization: Cycle   2    p:    0.494   change:  0.0000000     0.00000 
Obtaining coupling matrix in [a.u.]
Obtaining coupling matrix in [a.u.]
 Normal mode localization: Cycle   1    p:    0.124   change:  0.0000000     0.00000 
Obtaining coupling matrix in [a.u.]
 Normal mode localization: Cycle   1    p:    0.173   change:  0.0000000     0.00000 
Obtaining coupling matrix in [a.u.]
 Normal mode localization: Cycle   1    p:    0.140   change:  0.0000000     0.00000 
Obtaining coupling matrix in [a.u.]
 Normal mode localization: Cycle   1    p:    0.177   change:  0.0000000     0.00000 
Obtaining coupling matrix in [a.u.]
 Normal mode localization: Cycle   1    p:    0.100   change:  0.0000000     0.00000 
Obtaining coupling matrix in [a.u.]
 Normal mode localization: Cycle   1    p:    0.127   change:  0.0000000     0.00000 
Obtaining coupling matrix in [a.u.]
 Normal mode localization: Cycle   1    p:    0.417   change:  0.1645051     0.61405 
 Normal mode localization: Cycle   2    p:    0.417   change:  0.0000000     0.00000 
Obtaining coupling matrix in [a.u.]
Obtaining coupling matrix in [a.u.]
 Normal mode localization: Cycle   1    p:    0.092   change:  0.0000000     0.00000 
Obtaining coupling matrix in [a.u.]
 Normal mode localization: Cycle   1    p:    0.098   change:  0.0000000     0.00000 
Obtaining coupling matrix in [a.u.]
 Normal mode localization: Cycle   1    p:    0.873   change:  0.4262007     0.72805 
 Normal mode localization: Cycle   2    p:    0.873   change:  0.0000000     0.00000 
Obtaining coupling matrix in [a.u.]
Obtaining coupling matrix in [a.u.]
 Normal mode localization: Cycle   1    p:    0.298   change:  0.0627417     0.78390 
 Normal mode localization: Cycle   2    p:    0.298   change:  0.0000000     0.00000 
Obtaining coupling matrix in [a.u.]
Obtaining coupling matrix in [a.u.]
 Normal mode localization: Cycle   1    p:    0.083   change:  0.0000000     0.00000 
Obtaining coupling matrix in [a.u.]
 Normal mode localization: Cycle   1    p:    0.191   change:  0.0000000     0.00000 
Obtaining coupling matrix in [a.u.]
 Normal mode localization: Cycle   1    p:    0.736   change:  0.3493416     1.34417 
 Normal mode localization: Cycle   2    p:    0.742   change:  0.0056254     0.11132 
 Normal mode localization: Cycle   3    p:    0.742   change:  0.0000040     0.00379 
 Normal mode localization: Cycle   4    p:    0.742   change:  0.0000000     0.00022 
 Normal mode localization: Cycle   5    p:    0.742   change:  0.0000000     0.00001 
Obtaining coupling matrix in [a.u.]
Obtaining coupling matrix in [a.u.]
Obtaining coupling matrix in [a.u.]
 Normal mode localization: Cycle   1    p:    0.095   change:  0.0000000     0.00000 
Obtaining coupling matrix in [a.u.]
 Normal mode localization: Cycle   1    p:    0.988   change:  0.4940349     0.77978 
 Normal mode localization: Cycle   2    p:    0.988   change:  0.0000000     0.00000 
Obtaining coupling matrix in [a.u.]
Obtaining coupling matrix in [a.u.]
 Normal mode localization: Cycle   1    p:    3.433   change:  0.9387670     1.22506 
 Normal mode localization: Cycle   2    p:    3.437   change:  0.0035657     0.05627 
 Normal mode localization: Cycle   3    p:    3.437   change:  0.0000000     0.00002 
Obtaining coupling matrix in [a.u.]
Obtaining coupling matrix in [a.u.]
Obtaining coupling matrix in [a.u.]
Obtaining coupling matrix in [a.u.]
 Normal mode localization: Cycle   1    p:    1.743   change:  0.8524980     0.71132 
 Normal mode localization: Cycle   2    p:    1.743   change:  0.0000000     0.00000 
Obtaining coupling matrix in [a.u.]
Obtaining coupling matrix in [a.u.]

+--------------------+
|--- Solving VSCF ---|
+--------------------+

+-----------------------------------------------------------------------------------------------------------------------------------+
|--- Solving State: [0, 0, 0, 0, 0, 0, 0, 0, 0, 0, 0, 0, 0, 0, 0, 0, 0, 0, 0, 0, 0, 0, 0, 0, 0, 0, 0, 0, 0, 0, 0, 0, 0, 0, 0, 0] ---|
+-----------------------------------------------------------------------------------------------------------------------------------+

Iteration: 1 
Mode State   Eigv
   1     0 -1925511.8
   2     0 -1925491.9
   3     0 -1925479.3
   4     0 -1925366.5
   5     0 -1925361.2
   6     0 -1925358.6
   7     0 -1925305.4
   8     0 -1925266.9
   9     0 -1925237.9
  10     0 -1925201.3
  11     0 -1925189.6
  12     0 -1925213.5
  13     0 -1925183.0
  14     0 -1925097.1
  15     0 -1925071.6
  16     0 -1925103.5
  17     0 -1925037.8
  18     0 -1925019.7
  19     0 -1924965.9
  20     0 -1924926.1
  21     0 -1924903.8
  22     0 -1924943.5
  23     0 -1924908.6
  24     0 -1924900.3
  25     0 -1924842.1
  26     0 -1924849.5
  27     0 -1924845.9
  28     0 -1924838.0
  29     0 -1924685.3
  30     0 -1924682.3
  31     0 -1924109.4
  32     0 -1924156.1
  33     0 -1924111.8
  34     0 -1924160.5
  35     0 -1923906.7
  36     0 -1923912.5
Sum of eigenvalues -69297144.9, SCF correction -35680476.7, total energy -33616668.2 / cm^-1

Iteration: 2 
Mode State   Eigv
   1     0 -1925536.2
   2     0 -1925511.4
   3     0 -1925501.8
   4     0 -1925374.7
   5     0 -1925368.9
   6     0 -1925367.0
   7     0 -1925309.1
   8     0 -1925315.7
   9     0 -1925293.2
  10     0 -1925250.1
  11     0 -1925239.5
  12     0 -1925217.3
  13     0 -1925190.5
  14     0 -1925111.7
  15     0 -1925087.3
  16     0 -1925110.8
  17     0 -1925049.2
  18     0 -1925031.8
  19     0 -1924980.6
  20     0 -1924942.3
  21     0 -1924920.9
  22     0 -1924959.1
  23     0 -1924927.0
  24     0 -1924919.0
  25     0 -1924861.3
  26     0 -1924860.3
  27     0 -1924865.5
  28     0 -1924849.1
  29     0 -1924691.0
  30     0 -1924687.8
  31     0 -1924110.8
  32     0 -1924158.0
  33     0 -1924113.8
  34     0 -1924162.4
  35     0 -1923911.5
  36     0 -1923917.5
Sum of eigenvalues -69297703.9, SCF correction -35680495.3, total energy -33617208.6 / cm^-1

Iteration: 3 
Mode State   Eigv
   1     0 -1925531.9
   2     0 -1925510.3
   3     0 -1925500.7
   4     0 -1925374.1
   5     0 -1925368.9
   6     0 -1925366.4
   7     0 -1925309.2
   8     0 -1925313.9
   9     0 -1925291.2
  10     0 -1925251.6
  11     0 -1925241.0
  12     0 -1925218.7
  13     0 -1925190.6
  14     0 -1925112.1
  15     0 -1925087.8
  16     0 -1925110.8
  17     0 -1925049.4
  18     0 -1925032.0
  19     0 -1924980.7
  20     0 -1924942.6
  21     0 -1924921.3
  22     0 -1924959.3
  23     0 -1924927.4
  24     0 -1924919.5
  25     0 -1924861.8
  26     0 -1924860.7
  27     0 -1924866.0
  28     0 -1924849.6
  29     0 -1924691.0
  30     0 -1924687.8
  31     0 -1924110.3
  32     0 -1924157.5
  33     0 -1924113.2
  34     0 -1924161.9
  35     0 -1923911.3
  36     0 -1923917.2
Sum of eigenvalues -69297699.6, SCF correction -35680496.1, total energy -33617203.5 / cm^-1

Iteration: 4 
Mode State   Eigv
   1     0 -1925531.7
   2     0 -1925509.9
   3     0 -1925500.3
   4     0 -1925374.0
   5     0 -1925368.9
   6     0 -1925366.3
   7     0 -1925309.3
   8     0 -1925313.7
   9     0 -1925291.0
  10     0 -1925251.6
  11     0 -1925241.0
  12     0 -1925218.8
  13     0 -1925190.6
  14     0 -1925112.0
  15     0 -1925087.7
  16     0 -1925110.8
  17     0 -1925049.3
  18     0 -1925031.9
  19     0 -1924980.6
  20     0 -1924942.6
  21     0 -1924921.2
  22     0 -1924959.2
  23     0 -1924927.3
  24     0 -1924919.4
  25     0 -1924861.7
  26     0 -1924860.6
  27     0 -1924866.0
  28     0 -1924849.5
  29     0 -1924691.0
  30     0 -1924687.8
  31     0 -1924110.2
  32     0 -1924157.4
  33     0 -1924113.1
  34     0 -1924161.8
  35     0 -1923911.3
  36     0 -1923917.2
Sum of eigenvalues -69297696.6, SCF correction -35680495.9, total energy -33617200.7 / cm^-1

Iteration: 5 
Mode State   Eigv
   1     0 -1925531.7
   2     0 -1925509.9
   3     0 -1925500.2
   4     0 -1925374.0
   5     0 -1925368.9
   6     0 -1925366.3
   7     0 -1925309.3
   8     0 -1925313.7
   9     0 -1925290.9
  10     0 -1925251.6
  11     0 -1925241.0
  12     0 -1925218.8
  13     0 -1925190.6
  14     0 -1925112.0
  15     0 -1925087.7
  16     0 -1925110.8
  17     0 -1925049.3
  18     0 -1925031.9
  19     0 -1924980.6
  20     0 -1924942.6
  21     0 -1924921.2
  22     0 -1924959.2
  23     0 -1924927.3
  24     0 -1924919.4
  25     0 -1924861.7
  26     0 -1924860.6
  27     0 -1924866.0
  28     0 -1924849.5
  29     0 -1924691.0
  30     0 -1924687.8
  31     0 -1924110.2
  32     0 -1924157.4
  33     0 -1924113.0
  34     0 -1924161.8
  35     0 -1923911.3
  36     0 -1923917.2
Sum of eigenvalues -69297696.2, SCF correction -35680495.9, total energy -33617200.3 / cm^-1

Iteration: 6 
Mode State   Eigv
   1     0 -1925531.7
   2     0 -1925509.9
   3     0 -1925500.2
   4     0 -1925374.0
   5     0 -1925368.9
   6     0 -1925366.3
   7     0 -1925309.3
   8     0 -1925313.7
   9     0 -1925290.9
  10     0 -1925251.5
  11     0 -1925241.0
  12     0 -1925218.8
  13     0 -1925190.6
  14     0 -1925112.0
  15     0 -1925087.7
  16     0 -1925110.8
  17     0 -1925049.3
  18     0 -1925031.9
  19     0 -1924980.6
  20     0 -1924942.6
  21     0 -1924921.2
  22     0 -1924959.2
  23     0 -1924927.3
  24     0 -1924919.3
  25     0 -1924861.7
  26     0 -1924860.6
  27     0 -1924866.0
  28     0 -1924849.5
  29     0 -1924691.0
  30     0 -1924687.8
  31     0 -1924110.1
  32     0 -1924157.4
  33     0 -1924113.0
  34     0 -1924161.8
  35     0 -1923911.3
  36     0 -1923917.2
Sum of eigenvalues -69297696.2, SCF correction -35680495.8, total energy -33617200.3 / cm^-1

Iteration: 7 
Mode State   Eigv
   1     0 -1925531.7
   2     0 -1925509.9
   3     0 -1925500.2
   4     0 -1925374.0
   5     0 -1925368.9
   6     0 -1925366.3
   7     0 -1925309.3
   8     0 -1925313.7
   9     0 -1925290.9
  10     0 -1925251.5
  11     0 -1925241.0
  12     0 -1925218.8
  13     0 -1925190.6
  14     0 -1925112.0
  15     0 -1925087.7
  16     0 -1925110.8
  17     0 -1925049.3
  18     0 -1925031.9
  19     0 -1924980.6
  20     0 -1924942.6
  21     0 -1924921.2
  22     0 -1924959.2
  23     0 -1924927.3
  24     0 -1924919.3
  25     0 -1924861.7
  26     0 -1924860.6
  27     0 -1924866.0
  28     0 -1924849.5
  29     0 -1924691.0
  30     0 -1924687.8
  31     0 -1924110.1
  32     0 -1924157.4
  33     0 -1924113.0
  34     0 -1924161.8
  35     0 -1923911.3
  36     0 -1923917.2
Sum of eigenvalues -69297696.2, SCF correction -35680495.8, total energy -33617200.3 / cm^-1

Iteration: 8 
Mode State   Eigv
   1     0 -1925531.7
   2     0 -1925509.9
   3     0 -1925500.2
   4     0 -1925374.0
   5     0 -1925368.9
   6     0 -1925366.3
   7     0 -1925309.3
   8     0 -1925313.7
   9     0 -1925290.9
  10     0 -1925251.5
  11     0 -1925241.0
  12     0 -1925218.8
  13     0 -1925190.6
  14     0 -1925112.0
  15     0 -1925087.7
  16     0 -1925110.8
  17     0 -1925049.3
  18     0 -1925031.9
  19     0 -1924980.6
  20     0 -1924942.6
  21     0 -1924921.2
  22     0 -1924959.2
  23     0 -1924927.3
  24     0 -1924919.3
  25     0 -1924861.7
  26     0 -1924860.6
  27     0 -1924866.0
  28     0 -1924849.5
  29     0 -1924691.0
  30     0 -1924687.8
  31     0 -1924110.1
  32     0 -1924157.4
  33     0 -1924113.0
  34     0 -1924161.8
  35     0 -1923911.3
  36     0 -1923917.2
Sum of eigenvalues -69297696.2, SCF correction -35680495.8, total energy -33617200.3 / cm^-1


+-----------------+
|--- VSCF Done ---|
+-----------------+



+--------------------+
|--- VSCF Results ---|
+--------------------+

VSCF states energies in cm^-1
---------------------------
[0, 0, 0, 0, 0, 0, 0, 0, 0, 0, 0, 0, 0, 0, 0, 0, 0, 0, 0, 0, 0, 0, 0, 0, 0, 0, 0, 0, 0, 0, 0, 0, 0, 0, 0, 0] -33617200.3

Initial state:  [0, 0, 0, 0, 0, 0, 0, 0, 0, 0, 0, 0, 0, 0, 0, 0, 0, 0, 0, 0, 0, 0, 0, 0, 0, 0, 0, 0, 0, 0, 0, 0, 0, 0, 0, 0]
Transition energies in cm^-1
WARNING: Fortran routines not used for integrals, this might be very slow. 
         see src/Vibrations/README_f2py 
+---------------------------+
|--- There are 37 states ---|
+---------------------------+

combgenerator 0 of 37
+----------------------------------------------------------+
|--- Hamiltonian matrix constructed. Diagonalization... ---|
+----------------------------------------------------------+

+--------------------------+
|--- Results of the VCI ---|
+--------------------------+

State        Contrib   E /cm^-1  DE /cm^-1
[0 0 0 0 0 0 0 0 0 0 0 0 0 0 0 0 0 0 0 0 0 0 0 0 0 0 0 0 0 0 0 0 0 0 0 0]     1.0000 -33617201.0990     0.0000
[1 0 0 0 0 0 0 0 0 0 0 0 0 0 0 0 0 0 0 0 0 0 0 0 0 0 0 0 0 0 0 0 0 0 0 0]     0.8507 -33617097.2320   103.8671
[0 1 0 0 0 0 0 0 0 0 0 0 0 0 0 0 0 0 0 0 0 0 0 0 0 0 0 0 0 0 0 0 0 0 0 0]     0.8056 -33617032.8776   168.2214
[0 0 1 0 0 0 0 0 0 0 0 0 0 0 0 0 0 0 0 0 0 0 0 0 0 0 0 0 0 0 0 0 0 0 0 0]     0.8564 -33617008.4185   192.6805
[0 0 0 1 0 0 0 0 0 0 0 0 0 0 0 0 0 0 0 0 0 0 0 0 0 0 0 0 0 0 0 0 0 0 0 0]     0.8066 -33616783.5687   417.5303
[0 0 0 0 1 0 0 0 0 0 0 0 0 0 0 0 0 0 0 0 0 0 0 0 0 0 0 0 0 0 0 0 0 0 0 0]     0.7249 -33616762.6521   438.4469
[0 0 0 0 0 1 0 0 0 0 0 0 0 0 0 0 0 0 0 0 0 0 0 0 0 0 0 0 0 0 0 0 0 0 0 0]     0.5671 -33616751.1657   449.9334
[0 0 0 0 0 0 0 1 0 0 0 0 0 0 0 0 0 0 0 0 0 0 0 0 0 0 0 0 0 0 0 0 0 0 0 0]     0.7199 -33616688.5827   512.5164
[0 0 0 0 0 0 0 0 1 0 0 0 0 0 0 0 0 0 0 0 0 0 0 0 0 0 0 0 0 0 0 0 0 0 0 0]     0.5287 -33616661.9100   539.1890
[0 0 0 0 0 0 1 0 0 0 0 0 0 0 0 0 0 0 0 0 0 0 0 0 0 0 0 0 0 0 0 0 0 0 0 0]     0.7106 -33616636.4003   564.6988
[0 0 0 0 0 0 0 0 0 1 0 0 0 0 0 0 0 0 0 0 0 0 0 0 0 0 0 0 0 0 0 0 0 0 0 0]     0.6275 -33616439.7105   761.3885
[0 0 0 0 0 0 0 0 0 0 0 1 0 0 0 0 0 0 0 0 0 0 0 0 0 0 0 0 0 0 0 0 0 0 0 0]     0.9297 -33616424.3578   776.7413
[0 0 0 0 0 0 0 0 0 0 0 0 1 0 0 0 0 0 0 0 0 0 0 0 0 0 0 0 0 0 0 0 0 0 0 0]     0.8553 -33616411.2750   789.8240
[0 0 0 0 0 0 0 0 0 0 1 0 0 0 0 0 0 0 0 0 0 0 0 0 0 0 0 0 0 0 0 0 0 0 0 0]     0.6171 -33616389.3993   811.6997
[0 0 0 0 0 0 0 0 0 0 0 0 0 0 0 1 0 0 0 0 0 0 0 0 0 0 0 0 0 0 0 0 0 0 0 0]     0.4870 -33616284.6370   916.4620
[0 0 0 0 0 0 0 0 0 0 0 0 0 1 0 0 0 0 0 0 0 0 0 0 0 0 0 0 0 0 0 0 0 0 0 0]     0.5650 -33616227.2963   973.8028
[0 0 0 0 0 0 0 0 0 0 0 0 0 0 1 0 0 0 0 0 0 0 0 0 0 0 0 0 0 0 0 0 0 0 0 0]     0.7844 -33616184.5367  1016.5623
[0 0 0 0 0 0 0 0 0 0 0 0 0 0 0 0 1 0 0 0 0 0 0 0 0 0 0 0 0 0 0 0 0 0 0 0]     0.7186 -33616148.6995  1052.3995
[0 0 0 0 0 0 0 0 0 0 0 0 0 0 0 0 0 1 0 0 0 0 0 0 0 0 0 0 0 0 0 0 0 0 0 0]     0.7184 -33616067.8987  1133.2003
[0 0 0 0 0 0 0 0 0 0 0 0 0 0 0 0 0 0 1 0 0 0 0 0 0 0 0 0 0 0 0 0 0 0 0 0]     0.9404 -33615984.6300  1216.4691
[0 0 0 0 0 0 0 0 0 0 0 0 0 0 0 0 0 0 0 0 0 1 0 0 0 0 0 0 0 0 0 0 0 0 0 0]     0.8356 -33615951.3275  1249.7715
[0 0 0 0 0 0 0 0 0 0 0 0 0 0 0 0 0 0 0 1 0 0 0 0 0 0 0 0 0 0 0 0 0 0 0 0]     0.7311 -33615906.7459  1294.3531
[0 0 0 0 0 0 0 0 0 0 0 0 0 0 0 0 0 0 0 0 0 0 1 0 0 0 0 0 0 0 0 0 0 0 0 0]     0.6717 -33615886.1274  1314.9717
[0 0 0 0 0 0 0 0 0 0 0 0 0 0 0 0 0 0 0 0 1 0 0 0 0 0 0 0 0 0 0 0 0 0 0 0]     0.8775 -33615859.5328  1341.5662
[0 0 0 0 0 0 0 0 0 0 0 0 0 0 0 0 0 0 0 0 0 0 0 1 0 0 0 0 0 0 0 0 0 0 0 0]     0.6871 -33615846.7572  1354.3419
[0 0 0 0 0 0 0 0 0 0 0 0 0 0 0 0 0 0 0 0 0 0 0 0 1 0 0 0 0 0 0 0 0 0 0 0]     0.5534 -33615772.2271  1428.8720
[0 0 0 0 0 0 0 0 0 0 0 0 0 0 0 0 0 0 0 0 0 0 0 0 0 0 1 0 0 0 0 0 0 0 0 0]     0.5961 -33615764.2284  1436.8707
[0 0 0 0 0 0 0 0 0 0 0 0 0 0 0 0 0 0 0 0 0 0 0 0 0 1 0 0 0 0 0 0 0 0 0 0]     0.4051 -33615736.3454  1464.7536
[0 0 0 0 0 0 0 0 0 0 0 0 0 0 0 0 0 0 0 0 0 0 0 0 0 0 0 1 0 0 0 0 0 0 0 0]     0.4959 -33615705.8207  1495.2784
[0 0 0 0 0 0 0 0 0 0 0 0 0 0 0 0 0 0 0 0 0 0 0 0 0 0 0 0 0 1 0 0 0 0 0 0]     0.6040 -33615399.6225  1801.4765
[0 0 0 0 0 0 0 0 0 0 0 0 0 0 0 0 0 0 0 0 0 0 0 0 0 0 0 0 1 0 0 0 0 0 0 0]     0.6040 -33615395.2798  1805.8193
[0 0 0 0 0 0 0 0 0 0 0 0 0 0 0 0 0 0 0 0 0 0 0 0 0 0 0 0 0 0 0 0 0 1 0 0]     0.7205 -33614400.3630  2800.7360
[0 0 0 0 0 0 0 0 0 0 0 0 0 0 0 0 0 0 0 0 0 0 0 0 0 0 0 0 0 0 0 1 0 0 0 0]     0.7214 -33614398.5289  2802.5702
[0 0 0 0 0 0 0 0 0 0 0 0 0 0 0 0 0 0 0 0 0 0 0 0 0 0 0 0 0 0 0 0 1 0 0 0]     0.9233 -33614291.8024  2909.2966
[0 0 0 0 0 0 0 0 0 0 0 0 0 0 0 0 0 0 0 0 0 0 0 0 0 0 0 0 0 0 1 0 0 0 0 0]     0.9239 -33614290.0817  2911.0174
[0 0 0 0 0 0 0 0 0 0 0 0 0 0 0 0 0 0 0 0 0 0 0 0 0 0 0 0 0 0 0 0 0 0 0 1]     0.9701 -33613850.9335  3350.1656
[0 0 0 0 0 0 0 0 0 0 0 0 0 0 0 0 0 0 0 0 0 0 0 0 0 0 0 0 0 0 0 0 0 0 1 0]     0.9701 -33613847.3264  3353.7726

+--------------------------+
|--- Results of the VCI ---|
+--------------------------+

State        Contrib   E /cm^-1  DE /cm^-1
[0 0 0 0 0 0 0 0 0 0 0 0 0 0 0 0 0 0 0 0 0 0 0 0 0 0 0 0 0 0 0 0 0 0 0 0]     1.0000 -33617201.0990     0.0000
[1 0 0 0 0 0 0 0 0 0 0 0 0 0 0 0 0 0 0 0 0 0 0 0 0 0 0 0 0 0 0 0 0 0 0 0]     0.8507 -33617097.2320   103.8671
[0 1 0 0 0 0 0 0 0 0 0 0 0 0 0 0 0 0 0 0 0 0 0 0 0 0 0 0 0 0 0 0 0 0 0 0]     0.8056 -33617032.8776   168.2214
[0 0 1 0 0 0 0 0 0 0 0 0 0 0 0 0 0 0 0 0 0 0 0 0 0 0 0 0 0 0 0 0 0 0 0 0]     0.8564 -33617008.4185   192.6805
[0 0 0 1 0 0 0 0 0 0 0 0 0 0 0 0 0 0 0 0 0 0 0 0 0 0 0 0 0 0 0 0 0 0 0 0]     0.8066 -33616783.5687   417.5303
[0 0 0 0 1 0 0 0 0 0 0 0 0 0 0 0 0 0 0 0 0 0 0 0 0 0 0 0 0 0 0 0 0 0 0 0]     0.7249 -33616762.6521   438.4469
[0 0 0 0 0 1 0 0 0 0 0 0 0 0 0 0 0 0 0 0 0 0 0 0 0 0 0 0 0 0 0 0 0 0 0 0]     0.5671 -33616751.1657   449.9334
[0 0 0 0 0 0 0 1 0 0 0 0 0 0 0 0 0 0 0 0 0 0 0 0 0 0 0 0 0 0 0 0 0 0 0 0]     0.7199 -33616688.5827   512.5164
[0 0 0 0 0 0 0 0 1 0 0 0 0 0 0 0 0 0 0 0 0 0 0 0 0 0 0 0 0 0 0 0 0 0 0 0]     0.5287 -33616661.9100   539.1890
[0 0 0 0 0 0 1 0 0 0 0 0 0 0 0 0 0 0 0 0 0 0 0 0 0 0 0 0 0 0 0 0 0 0 0 0]     0.7106 -33616636.4003   564.6988
[0 0 0 0 0 0 0 0 0 1 0 0 0 0 0 0 0 0 0 0 0 0 0 0 0 0 0 0 0 0 0 0 0 0 0 0]     0.6275 -33616439.7105   761.3885
[0 0 0 0 0 0 0 0 0 0 0 1 0 0 0 0 0 0 0 0 0 0 0 0 0 0 0 0 0 0 0 0 0 0 0 0]     0.9297 -33616424.3578   776.7413
[0 0 0 0 0 0 0 0 0 0 0 0 1 0 0 0 0 0 0 0 0 0 0 0 0 0 0 0 0 0 0 0 0 0 0 0]     0.8553 -33616411.2750   789.8240
[0 0 0 0 0 0 0 0 0 0 1 0 0 0 0 0 0 0 0 0 0 0 0 0 0 0 0 0 0 0 0 0 0 0 0 0]     0.6171 -33616389.3993   811.6997
[0 0 0 0 0 0 0 0 0 0 0 0 0 0 0 1 0 0 0 0 0 0 0 0 0 0 0 0 0 0 0 0 0 0 0 0]     0.4870 -33616284.6370   916.4620
[0 0 0 0 0 0 0 0 0 0 0 0 0 1 0 0 0 0 0 0 0 0 0 0 0 0 0 0 0 0 0 0 0 0 0 0]     0.5650 -33616227.2963   973.8028
[0 0 0 0 0 0 0 0 0 0 0 0 0 0 1 0 0 0 0 0 0 0 0 0 0 0 0 0 0 0 0 0 0 0 0 0]     0.7844 -33616184.5367  1016.5623
[0 0 0 0 0 0 0 0 0 0 0 0 0 0 0 0 1 0 0 0 0 0 0 0 0 0 0 0 0 0 0 0 0 0 0 0]     0.7186 -33616148.6995  1052.3995
[0 0 0 0 0 0 0 0 0 0 0 0 0 0 0 0 0 1 0 0 0 0 0 0 0 0 0 0 0 0 0 0 0 0 0 0]     0.7184 -33616067.8987  1133.2003
[0 0 0 0 0 0 0 0 0 0 0 0 0 0 0 0 0 0 1 0 0 0 0 0 0 0 0 0 0 0 0 0 0 0 0 0]     0.9404 -33615984.6300  1216.4691
[0 0 0 0 0 0 0 0 0 0 0 0 0 0 0 0 0 0 0 0 0 1 0 0 0 0 0 0 0 0 0 0 0 0 0 0]     0.8356 -33615951.3275  1249.7715
[0 0 0 0 0 0 0 0 0 0 0 0 0 0 0 0 0 0 0 1 0 0 0 0 0 0 0 0 0 0 0 0 0 0 0 0]     0.7311 -33615906.7459  1294.3531
[0 0 0 0 0 0 0 0 0 0 0 0 0 0 0 0 0 0 0 0 0 0 1 0 0 0 0 0 0 0 0 0 0 0 0 0]     0.6717 -33615886.1274  1314.9717
[0 0 0 0 0 0 0 0 0 0 0 0 0 0 0 0 0 0 0 0 1 0 0 0 0 0 0 0 0 0 0 0 0 0 0 0]     0.8775 -33615859.5328  1341.5662
[0 0 0 0 0 0 0 0 0 0 0 0 0 0 0 0 0 0 0 0 0 0 0 1 0 0 0 0 0 0 0 0 0 0 0 0]     0.6871 -33615846.7572  1354.3419
[0 0 0 0 0 0 0 0 0 0 0 0 0 0 0 0 0 0 0 0 0 0 0 0 1 0 0 0 0 0 0 0 0 0 0 0]     0.5534 -33615772.2271  1428.8720
[0 0 0 0 0 0 0 0 0 0 0 0 0 0 0 0 0 0 0 0 0 0 0 0 0 0 1 0 0 0 0 0 0 0 0 0]     0.5961 -33615764.2284  1436.8707
[0 0 0 0 0 0 0 0 0 0 0 0 0 0 0 0 0 0 0 0 0 0 0 0 0 1 0 0 0 0 0 0 0 0 0 0]     0.4051 -33615736.3454  1464.7536
[0 0 0 0 0 0 0 0 0 0 0 0 0 0 0 0 0 0 0 0 0 0 0 0 0 0 0 1 0 0 0 0 0 0 0 0]     0.4959 -33615705.8207  1495.2784
[0 0 0 0 0 0 0 0 0 0 0 0 0 0 0 0 0 0 0 0 0 0 0 0 0 0 0 0 0 1 0 0 0 0 0 0]     0.6040 -33615399.6225  1801.4765
[0 0 0 0 0 0 0 0 0 0 0 0 0 0 0 0 0 0 0 0 0 0 0 0 0 0 0 0 1 0 0 0 0 0 0 0]     0.6040 -33615395.2798  1805.8193
[0 0 0 0 0 0 0 0 0 0 0 0 0 0 0 0 0 0 0 0 0 0 0 0 0 0 0 0 0 0 0 0 0 1 0 0]     0.7205 -33614400.3630  2800.7360
[0 0 0 0 0 0 0 0 0 0 0 0 0 0 0 0 0 0 0 0 0 0 0 0 0 0 0 0 0 0 0 1 0 0 0 0]     0.7214 -33614398.5289  2802.5702
[0 0 0 0 0 0 0 0 0 0 0 0 0 0 0 0 0 0 0 0 0 0 0 0 0 0 0 0 0 0 0 0 1 0 0 0]     0.9233 -33614291.8024  2909.2966
[0 0 0 0 0 0 0 0 0 0 0 0 0 0 0 0 0 0 0 0 0 0 0 0 0 0 0 0 0 0 1 0 0 0 0 0]     0.9239 -33614290.0817  2911.0174
[0 0 0 0 0 0 0 0 0 0 0 0 0 0 0 0 0 0 0 0 0 0 0 0 0 0 0 0 0 0 0 0 0 0 0 1]     0.9701 -33613850.9335  3350.1656
[0 0 0 0 0 0 0 0 0 0 0 0 0 0 0 0 0 0 0 0 0 0 0 0 0 0 0 0 0 0 0 0 0 0 1 0]     0.9701 -33613847.3264  3353.7726

